[0.010s] Invoking command in '/home/garage/dev_ws/src/build/basic_mobile_robot': CMAKE_PREFIX_PATH=/home/garage/ros2_ws/install/my_robot_controller:/opt/ros/humble /usr/bin/cmake /home/garage/dev_ws/src/basic_mobile_robot -DCMAKE_INSTALL_PREFIX=/home/garage/dev_ws/src/install/basic_mobile_robot
[0.195s] -- The C compiler identification is GNU 11.4.0
[0.294s] -- The CXX compiler identification is GNU 11.4.0
[0.301s] -- Detecting C compiler ABI info
[0.374s] -- Detecting C compiler ABI info - done
[0.379s] -- Check for working C compiler: /usr/bin/cc - skipped
[0.380s] -- Detecting C compile features
[0.380s] -- Detecting C compile features - done
[0.383s] -- Detecting CXX compiler ABI info
[0.445s] -- Detecting CXX compiler ABI info - done
[0.449s] -- Check for working CXX compiler: /usr/bin/c++ - skipped
[0.449s] -- Detecting CXX compile features
[0.450s] -- Detecting CXX compile features - done
[0.453s] -- Found ament_cmake: 1.3.8 (/opt/ros/humble/share/ament_cmake/cmake)
[0.556s] -- Found Python3: /usr/bin/python3 (found version "3.10.12") found components: Interpreter 
[0.624s] -- Found ament_lint_auto: 0.12.10 (/opt/ros/humble/share/ament_lint_auto/cmake)
[0.677s] -- Added test 'flake8' to check Python code syntax and style conventions
[0.677s] -- Added test 'lint_cmake' to check CMake code style
[0.678s] -- Added test 'pep257' to check Python code against some of the docstring style conventions in PEP 257
[0.679s] -- Added test 'xmllint' to check XML markup files
[0.680s] -- Configuring done
[0.681s] -- Generating done
[0.682s] -- Build files have been written to: /home/garage/dev_ws/src/build/basic_mobile_robot
[0.684s] Invoked command in '/home/garage/dev_ws/src/build/basic_mobile_robot' returned '0': CMAKE_PREFIX_PATH=/home/garage/ros2_ws/install/my_robot_controller:/opt/ros/humble /usr/bin/cmake /home/garage/dev_ws/src/basic_mobile_robot -DCMAKE_INSTALL_PREFIX=/home/garage/dev_ws/src/install/basic_mobile_robot
[0.685s] Invoking command in '/home/garage/dev_ws/src/build/basic_mobile_robot': CMAKE_PREFIX_PATH=/home/garage/ros2_ws/install/my_robot_controller:/opt/ros/humble /usr/bin/cmake --build /home/garage/dev_ws/src/build/basic_mobile_robot -- -j8 -l8
[0.713s] Invoked command in '/home/garage/dev_ws/src/build/basic_mobile_robot' returned '0': CMAKE_PREFIX_PATH=/home/garage/ros2_ws/install/my_robot_controller:/opt/ros/humble /usr/bin/cmake --build /home/garage/dev_ws/src/build/basic_mobile_robot -- -j8 -l8
[0.746s] Invoking command in '/home/garage/dev_ws/src/build/basic_mobile_robot': CMAKE_PREFIX_PATH=/home/garage/ros2_ws/install/my_robot_controller:/opt/ros/humble /usr/bin/cmake --install /home/garage/dev_ws/src/build/basic_mobile_robot
[0.752s] -- Install configuration: ""
[0.752s] -- Installing: /home/garage/dev_ws/src/install/basic_mobile_robot/share/basic_mobile_robot/config
[0.752s] -- Installing: /home/garage/dev_ws/src/install/basic_mobile_robot/share/basic_mobile_robot/launch
[0.752s] -- Installing: /home/garage/dev_ws/src/install/basic_mobile_robot/share/basic_mobile_robot/launch/basic_mobile_bot_v2.launch.py
[0.752s] -- Installing: /home/garage/dev_ws/src/install/basic_mobile_robot/share/basic_mobile_robot/launch/basic_mobile_bot_v1.launch.py
[0.752s] -- Installing: /home/garage/dev_ws/src/install/basic_mobile_robot/share/basic_mobile_robot/maps
[0.752s] -- Installing: /home/garage/dev_ws/src/install/basic_mobile_robot/share/basic_mobile_robot/meshes
[0.752s] -- Installing: /home/garage/dev_ws/src/install/basic_mobile_robot/share/basic_mobile_robot/meshes/wheel.stl
[0.753s] -- Installing: /home/garage/dev_ws/src/install/basic_mobile_robot/share/basic_mobile_robot/meshes/elbow.stl
[0.754s] -- Installing: /home/garage/dev_ws/src/install/basic_mobile_robot/share/basic_mobile_robot/meshes/robot_base.stl
[0.754s] -- Installing: /home/garage/dev_ws/src/install/basic_mobile_robot/share/basic_mobile_robot/meshes/bicep.stl
[0.754s] -- Installing: /home/garage/dev_ws/src/install/basic_mobile_robot/share/basic_mobile_robot/meshes/arm_base.stl
[0.755s] -- Installing: /home/garage/dev_ws/src/install/basic_mobile_robot/share/basic_mobile_robot/meshes/wrist.stl
[0.756s] -- Installing: /home/garage/dev_ws/src/install/basic_mobile_robot/share/basic_mobile_robot/models
[0.756s] -- Installing: /home/garage/dev_ws/src/install/basic_mobile_robot/share/basic_mobile_robot/models/basic_mobile_bot_description
[0.756s] -- Installing: /home/garage/dev_ws/src/install/basic_mobile_robot/share/basic_mobile_robot/models/basic_mobile_bot_description/model.config
[0.756s] -- Installing: /home/garage/dev_ws/src/install/basic_mobile_robot/share/basic_mobile_robot/models/basic_mobile_bot_description/meshes
[0.756s] -- Installing: /home/garage/dev_ws/src/install/basic_mobile_robot/share/basic_mobile_robot/models/basic_mobile_bot_description/meshes/wheel.stl
[0.756s] -- Installing: /home/garage/dev_ws/src/install/basic_mobile_robot/share/basic_mobile_robot/models/basic_mobile_bot_description/meshes/elbow.stl
[0.757s] -- Installing: /home/garage/dev_ws/src/install/basic_mobile_robot/share/basic_mobile_robot/models/basic_mobile_bot_description/meshes/robot_base.stl
[0.757s] -- Installing: /home/garage/dev_ws/src/install/basic_mobile_robot/share/basic_mobile_robot/models/basic_mobile_bot_description/meshes/bicep.stl
[0.758s] -- Installing: /home/garage/dev_ws/src/install/basic_mobile_robot/share/basic_mobile_robot/models/basic_mobile_bot_description/meshes/arm_base.stl
[0.758s] -- Installing: /home/garage/dev_ws/src/install/basic_mobile_robot/share/basic_mobile_robot/models/basic_mobile_bot_description/meshes/wrist.stl
[0.759s] -- Installing: /home/garage/dev_ws/src/install/basic_mobile_robot/share/basic_mobile_robot/models/basic_mobile_bot_description/model.sdf
[0.759s] -- Installing: /home/garage/dev_ws/src/install/basic_mobile_robot/share/basic_mobile_robot/models/basic_mobile_bot_v1.urdf
[0.759s] -- Installing: /home/garage/dev_ws/src/install/basic_mobile_robot/share/basic_mobile_robot/params
[0.759s] -- Installing: /home/garage/dev_ws/src/install/basic_mobile_robot/share/basic_mobile_robot/rviz
[0.759s] -- Installing: /home/garage/dev_ws/src/install/basic_mobile_robot/share/basic_mobile_robot/rviz/urdf_config.rviz
[0.759s] -- Installing: /home/garage/dev_ws/src/install/basic_mobile_robot/share/basic_mobile_robot/src
[0.759s] -- Installing: /home/garage/dev_ws/src/install/basic_mobile_robot/share/basic_mobile_robot/worlds
[0.759s] -- Installing: /home/garage/dev_ws/src/install/basic_mobile_robot/share/basic_mobile_robot/worlds/basic_mobile_world
[0.759s] -- Installing: /home/garage/dev_ws/src/install/basic_mobile_robot/share/basic_mobile_robot/worlds/basic_mobile_world/smalltown.world
[0.760s] -- Installing: /home/garage/dev_ws/src/install/basic_mobile_robot/share/ament_index/resource_index/package_run_dependencies/basic_mobile_robot
[0.760s] -- Installing: /home/garage/dev_ws/src/install/basic_mobile_robot/share/ament_index/resource_index/parent_prefix_path/basic_mobile_robot
[0.760s] -- Installing: /home/garage/dev_ws/src/install/basic_mobile_robot/share/basic_mobile_robot/environment/ament_prefix_path.sh
[0.760s] -- Installing: /home/garage/dev_ws/src/install/basic_mobile_robot/share/basic_mobile_robot/environment/ament_prefix_path.dsv
[0.760s] -- Installing: /home/garage/dev_ws/src/install/basic_mobile_robot/share/basic_mobile_robot/environment/path.sh
[0.760s] -- Installing: /home/garage/dev_ws/src/install/basic_mobile_robot/share/basic_mobile_robot/environment/path.dsv
[0.760s] -- Installing: /home/garage/dev_ws/src/install/basic_mobile_robot/share/basic_mobile_robot/local_setup.bash
[0.760s] -- Installing: /home/garage/dev_ws/src/install/basic_mobile_robot/share/basic_mobile_robot/local_setup.sh
[0.760s] -- Installing: /home/garage/dev_ws/src/install/basic_mobile_robot/share/basic_mobile_robot/local_setup.zsh
[0.760s] -- Installing: /home/garage/dev_ws/src/install/basic_mobile_robot/share/basic_mobile_robot/local_setup.dsv
[0.760s] -- Installing: /home/garage/dev_ws/src/install/basic_mobile_robot/share/basic_mobile_robot/package.dsv
[0.760s] -- Installing: /home/garage/dev_ws/src/install/basic_mobile_robot/share/ament_index/resource_index/packages/basic_mobile_robot
[0.760s] -- Installing: /home/garage/dev_ws/src/install/basic_mobile_robot/share/basic_mobile_robot/cmake/basic_mobile_robotConfig.cmake
[0.760s] -- Installing: /home/garage/dev_ws/src/install/basic_mobile_robot/share/basic_mobile_robot/cmake/basic_mobile_robotConfig-version.cmake
[0.761s] -- Installing: /home/garage/dev_ws/src/install/basic_mobile_robot/share/basic_mobile_robot/package.xml
[0.762s] Invoked command in '/home/garage/dev_ws/src/build/basic_mobile_robot' returned '0': CMAKE_PREFIX_PATH=/home/garage/ros2_ws/install/my_robot_controller:/opt/ros/humble /usr/bin/cmake --install /home/garage/dev_ws/src/build/basic_mobile_robot
