[0.009s] Invoking command in '/home/garage/dev_ws/build/basic_mobile_robot': CMAKE_PREFIX_PATH=/home/garage/ros2_ws/install/my_robot_controller:/opt/ros/humble /usr/bin/cmake /home/garage/dev_ws/src/basic_mobile_robot -DCMAKE_INSTALL_PREFIX=/home/garage/dev_ws/install/basic_mobile_robot
[0.131s] -- The C compiler identification is GNU 11.4.0
[0.233s] -- The CXX compiler identification is GNU 11.4.0
[0.240s] -- Detecting C compiler ABI info
[0.320s] -- Detecting C compiler ABI info - done
[0.325s] -- Check for working C compiler: /usr/bin/cc - skipped
[0.325s] -- Detecting C compile features
[0.326s] -- Detecting C compile features - done
[0.328s] -- Detecting CXX compiler ABI info
[0.391s] -- Detecting CXX compiler ABI info - done
[0.396s] -- Check for working CXX compiler: /usr/bin/c++ - skipped
[0.396s] -- Detecting CXX compile features
[0.396s] -- Detecting CXX compile features - done
[0.400s] -- Found ament_cmake: 1.3.8 (/opt/ros/humble/share/ament_cmake/cmake)
[0.502s] -- Found Python3: /usr/bin/python3 (found version "3.10.12") found components: Interpreter 
[0.568s] -- Found ament_lint_auto: 0.12.10 (/opt/ros/humble/share/ament_lint_auto/cmake)
[0.621s] -- Added test 'lint_cmake' to check CMake code style
[0.622s] -- Added test 'xmllint' to check XML markup files
[0.623s] -- Configuring done
[0.625s] -- Generating done
[0.625s] -- Build files have been written to: /home/garage/dev_ws/build/basic_mobile_robot
[0.628s] Invoked command in '/home/garage/dev_ws/build/basic_mobile_robot' returned '0': CMAKE_PREFIX_PATH=/home/garage/ros2_ws/install/my_robot_controller:/opt/ros/humble /usr/bin/cmake /home/garage/dev_ws/src/basic_mobile_robot -DCMAKE_INSTALL_PREFIX=/home/garage/dev_ws/install/basic_mobile_robot
[0.629s] Invoking command in '/home/garage/dev_ws/build/basic_mobile_robot': CMAKE_PREFIX_PATH=/home/garage/ros2_ws/install/my_robot_controller:/opt/ros/humble /usr/bin/cmake --build /home/garage/dev_ws/build/basic_mobile_robot -- -j8 -l8
[0.652s] Invoked command in '/home/garage/dev_ws/build/basic_mobile_robot' returned '0': CMAKE_PREFIX_PATH=/home/garage/ros2_ws/install/my_robot_controller:/opt/ros/humble /usr/bin/cmake --build /home/garage/dev_ws/build/basic_mobile_robot -- -j8 -l8
[0.677s] Invoking command in '/home/garage/dev_ws/build/basic_mobile_robot': CMAKE_PREFIX_PATH=/home/garage/ros2_ws/install/my_robot_controller:/opt/ros/humble /usr/bin/cmake --install /home/garage/dev_ws/build/basic_mobile_robot
[0.682s] -- Install configuration: ""
[0.682s] -- Installing: /home/garage/dev_ws/install/basic_mobile_robot/share/ament_index/resource_index/package_run_dependencies/basic_mobile_robot
[0.682s] -- Installing: /home/garage/dev_ws/install/basic_mobile_robot/share/ament_index/resource_index/parent_prefix_path/basic_mobile_robot
[0.682s] -- Installing: /home/garage/dev_ws/install/basic_mobile_robot/share/basic_mobile_robot/environment/ament_prefix_path.sh
[0.682s] -- Installing: /home/garage/dev_ws/install/basic_mobile_robot/share/basic_mobile_robot/environment/ament_prefix_path.dsv
[0.682s] -- Installing: /home/garage/dev_ws/install/basic_mobile_robot/share/basic_mobile_robot/environment/path.sh
[0.682s] -- Installing: /home/garage/dev_ws/install/basic_mobile_robot/share/basic_mobile_robot/environment/path.dsv
[0.683s] -- Installing: /home/garage/dev_ws/install/basic_mobile_robot/share/basic_mobile_robot/local_setup.bash
[0.683s] -- Installing: /home/garage/dev_ws/install/basic_mobile_robot/share/basic_mobile_robot/local_setup.sh
[0.683s] -- Installing: /home/garage/dev_ws/install/basic_mobile_robot/share/basic_mobile_robot/local_setup.zsh
[0.683s] -- Installing: /home/garage/dev_ws/install/basic_mobile_robot/share/basic_mobile_robot/local_setup.dsv
[0.683s] -- Installing: /home/garage/dev_ws/install/basic_mobile_robot/share/basic_mobile_robot/package.dsv
[0.683s] -- Installing: /home/garage/dev_ws/install/basic_mobile_robot/share/ament_index/resource_index/packages/basic_mobile_robot
[0.683s] -- Installing: /home/garage/dev_ws/install/basic_mobile_robot/share/basic_mobile_robot/cmake/basic_mobile_robotConfig.cmake
[0.683s] -- Installing: /home/garage/dev_ws/install/basic_mobile_robot/share/basic_mobile_robot/cmake/basic_mobile_robotConfig-version.cmake
[0.683s] -- Installing: /home/garage/dev_ws/install/basic_mobile_robot/share/basic_mobile_robot/package.xml
[0.685s] Invoked command in '/home/garage/dev_ws/build/basic_mobile_robot' returned '0': CMAKE_PREFIX_PATH=/home/garage/ros2_ws/install/my_robot_controller:/opt/ros/humble /usr/bin/cmake --install /home/garage/dev_ws/build/basic_mobile_robot
