[0.145s] DEBUG:colcon:Command line arguments: ['/usr/bin/colcon', 'build']
[0.145s] DEBUG:colcon:Parsed command line arguments: Namespace(log_base=None, log_level=None, verb_name='build', build_base='build', install_base='install', merge_install=False, symlink_install=False, test_result_base=None, continue_on_error=False, executor='parallel', parallel_workers=8, event_handlers=None, ignore_user_meta=False, metas=['./colcon.meta'], base_paths=['.'], packages_ignore=None, packages_ignore_regex=None, paths=None, packages_up_to=None, packages_up_to_regex=None, packages_above=None, packages_above_and_dependencies=None, packages_above_depth=None, packages_select_by_dep=None, packages_skip_by_dep=None, packages_skip_up_to=None, packages_select_build_failed=False, packages_skip_build_finished=False, packages_select_test_failures=False, packages_skip_test_passed=False, packages_select=None, packages_skip=None, packages_select_regex=None, packages_skip_regex=None, packages_start=None, packages_end=None, allow_overriding=[], cmake_args=None, cmake_target=None, cmake_target_skip_unavailable=False, cmake_clean_cache=False, cmake_clean_first=False, cmake_force_configure=False, ament_cmake_args=None, catkin_cmake_args=None, catkin_skip_building_tests=False, verb_parser=<colcon_defaults.argument_parser.defaults.DefaultArgumentsDecorator object at 0x73d9f6d3ce80>, verb_extension=<colcon_core.verb.build.BuildVerb object at 0x73d9f6e459f0>, main=<bound method BuildVerb.main of <colcon_core.verb.build.BuildVerb object at 0x73d9f6e459f0>>)
[0.251s] Level 1:colcon.colcon_core.package_discovery:discover_packages(colcon_meta) check parameters
[0.251s] Level 1:colcon.colcon_core.package_discovery:discover_packages(recursive) check parameters
[0.251s] Level 1:colcon.colcon_core.package_discovery:discover_packages(ignore) check parameters
[0.251s] Level 1:colcon.colcon_core.package_discovery:discover_packages(path) check parameters
[0.251s] Level 1:colcon.colcon_core.package_discovery:discover_packages(colcon_meta) discover
[0.252s] Level 1:colcon.colcon_core.package_discovery:discover_packages(recursive) discover
[0.252s] INFO:colcon.colcon_core.package_discovery:Crawling recursively for packages in '/home/garage/dev_ws/src/basic_mobile_robot'
[0.252s] Level 1:colcon.colcon_core.package_identification:_identify(.) by extensions ['ignore', 'ignore_ament_install']
[0.252s] Level 1:colcon.colcon_core.package_identification:_identify(.) by extension 'ignore'
[0.252s] Level 1:colcon.colcon_core.package_identification:_identify(.) by extension 'ignore_ament_install'
[0.252s] Level 1:colcon.colcon_core.package_identification:_identify(.) by extensions ['colcon_pkg']
[0.252s] Level 1:colcon.colcon_core.package_identification:_identify(.) by extension 'colcon_pkg'
[0.252s] Level 1:colcon.colcon_core.package_identification:_identify(.) by extensions ['colcon_meta']
[0.252s] Level 1:colcon.colcon_core.package_identification:_identify(.) by extension 'colcon_meta'
[0.252s] Level 1:colcon.colcon_core.package_identification:_identify(.) by extensions ['ros']
[0.252s] Level 1:colcon.colcon_core.package_identification:_identify(.) by extension 'ros'
[0.260s] DEBUG:colcon.colcon_core.package_identification:Package '.' with type 'ros.ament_cmake' and name 'basic_mobile_robot'
[0.260s] Level 1:colcon.colcon_core.package_discovery:discover_packages(recursive) using defaults
[0.260s] Level 1:colcon.colcon_core.package_discovery:discover_packages(ignore) discover
[0.260s] Level 1:colcon.colcon_core.package_discovery:discover_packages(ignore) using defaults
[0.260s] Level 1:colcon.colcon_core.package_discovery:discover_packages(path) discover
[0.260s] Level 1:colcon.colcon_core.package_discovery:discover_packages(path) using defaults
[0.280s] Level 1:colcon.colcon_core.package_discovery:discover_packages(prefix_path) check parameters
[0.280s] Level 1:colcon.colcon_core.package_discovery:discover_packages(prefix_path) discover
[0.283s] DEBUG:colcon.colcon_installed_package_information.package_discovery:Found 1 installed packages in /home/garage/ros2_ws/install
[0.284s] DEBUG:colcon.colcon_installed_package_information.package_discovery:Found 387 installed packages in /opt/ros/humble
[0.285s] Level 1:colcon.colcon_core.package_discovery:discover_packages(prefix_path) using defaults
[0.315s] Level 5:colcon.colcon_core.verb:set package 'basic_mobile_robot' build argument 'cmake_args' from command line to 'None'
[0.315s] Level 5:colcon.colcon_core.verb:set package 'basic_mobile_robot' build argument 'cmake_target' from command line to 'None'
[0.315s] Level 5:colcon.colcon_core.verb:set package 'basic_mobile_robot' build argument 'cmake_target_skip_unavailable' from command line to 'False'
[0.315s] Level 5:colcon.colcon_core.verb:set package 'basic_mobile_robot' build argument 'cmake_clean_cache' from command line to 'False'
[0.315s] Level 5:colcon.colcon_core.verb:set package 'basic_mobile_robot' build argument 'cmake_clean_first' from command line to 'False'
[0.315s] Level 5:colcon.colcon_core.verb:set package 'basic_mobile_robot' build argument 'cmake_force_configure' from command line to 'False'
[0.315s] Level 5:colcon.colcon_core.verb:set package 'basic_mobile_robot' build argument 'ament_cmake_args' from command line to 'None'
[0.315s] Level 5:colcon.colcon_core.verb:set package 'basic_mobile_robot' build argument 'catkin_cmake_args' from command line to 'None'
[0.315s] Level 5:colcon.colcon_core.verb:set package 'basic_mobile_robot' build argument 'catkin_skip_building_tests' from command line to 'False'
[0.315s] DEBUG:colcon.colcon_core.verb:Building package 'basic_mobile_robot' with the following arguments: {'ament_cmake_args': None, 'build_base': '/home/garage/dev_ws/src/basic_mobile_robot/build/basic_mobile_robot', 'catkin_cmake_args': None, 'catkin_skip_building_tests': False, 'cmake_args': None, 'cmake_clean_cache': False, 'cmake_clean_first': False, 'cmake_force_configure': False, 'cmake_target': None, 'cmake_target_skip_unavailable': False, 'install_base': '/home/garage/dev_ws/src/basic_mobile_robot/install/basic_mobile_robot', 'merge_install': False, 'path': '/home/garage/dev_ws/src/basic_mobile_robot', 'symlink_install': False, 'test_result_base': None}
[0.315s] INFO:colcon.colcon_core.executor:Executing jobs using 'parallel' executor
[0.315s] DEBUG:colcon.colcon_parallel_executor.executor.parallel:run_until_complete
[0.316s] INFO:colcon.colcon_ros.task.ament_cmake.build:Building ROS package in '/home/garage/dev_ws/src/basic_mobile_robot' with build type 'ament_cmake'
[0.316s] INFO:colcon.colcon_cmake.task.cmake.build:Building CMake package in '/home/garage/dev_ws/src/basic_mobile_robot'
[0.321s] INFO:colcon.colcon_core.plugin_system:Skipping extension 'colcon_core.shell.bat': Not used on non-Windows systems
[0.321s] INFO:colcon.colcon_core.shell:Skip shell extension 'powershell' for command environment: Not usable outside of PowerShell
[0.321s] DEBUG:colcon.colcon_core.shell:Skip shell extension 'dsv' for command environment
[0.328s] DEBUG:colcon.colcon_core.event_handler.log_command:Invoking command in '/home/garage/dev_ws/src/basic_mobile_robot/build/basic_mobile_robot': CMAKE_PREFIX_PATH=/home/garage/ros2_ws/install/my_robot_controller:/opt/ros/humble /usr/bin/cmake /home/garage/dev_ws/src/basic_mobile_robot -DCMAKE_INSTALL_PREFIX=/home/garage/dev_ws/src/basic_mobile_robot/install/basic_mobile_robot
[0.997s] DEBUG:colcon.colcon_core.event_handler.log_command:Invoked command in '/home/garage/dev_ws/src/basic_mobile_robot/build/basic_mobile_robot' returned '0': CMAKE_PREFIX_PATH=/home/garage/ros2_ws/install/my_robot_controller:/opt/ros/humble /usr/bin/cmake /home/garage/dev_ws/src/basic_mobile_robot -DCMAKE_INSTALL_PREFIX=/home/garage/dev_ws/src/basic_mobile_robot/install/basic_mobile_robot
[0.998s] DEBUG:colcon.colcon_core.event_handler.log_command:Invoking command in '/home/garage/dev_ws/src/basic_mobile_robot/build/basic_mobile_robot': CMAKE_PREFIX_PATH=/home/garage/ros2_ws/install/my_robot_controller:/opt/ros/humble /usr/bin/cmake --build /home/garage/dev_ws/src/basic_mobile_robot/build/basic_mobile_robot -- -j8 -l8
[1.023s] DEBUG:colcon.colcon_core.event_handler.log_command:Invoked command in '/home/garage/dev_ws/src/basic_mobile_robot/build/basic_mobile_robot' returned '0': CMAKE_PREFIX_PATH=/home/garage/ros2_ws/install/my_robot_controller:/opt/ros/humble /usr/bin/cmake --build /home/garage/dev_ws/src/basic_mobile_robot/build/basic_mobile_robot -- -j8 -l8
[1.051s] DEBUG:colcon.colcon_core.event_handler.log_command:Invoking command in '/home/garage/dev_ws/src/basic_mobile_robot/build/basic_mobile_robot': CMAKE_PREFIX_PATH=/home/garage/ros2_ws/install/my_robot_controller:/opt/ros/humble /usr/bin/cmake --install /home/garage/dev_ws/src/basic_mobile_robot/build/basic_mobile_robot
[1.075s] Level 1:colcon.colcon_core.environment:create_environment_scripts_only(basic_mobile_robot)
[1.076s] DEBUG:colcon.colcon_core.event_handler.log_command:Invoked command in '/home/garage/dev_ws/src/basic_mobile_robot/build/basic_mobile_robot' returned '0': CMAKE_PREFIX_PATH=/home/garage/ros2_ws/install/my_robot_controller:/opt/ros/humble /usr/bin/cmake --install /home/garage/dev_ws/src/basic_mobile_robot/build/basic_mobile_robot
[1.079s] Level 1:colcon.colcon_core.environment:checking '/home/garage/dev_ws/src/basic_mobile_robot/install/basic_mobile_robot' for CMake module files
[1.080s] Level 1:colcon.colcon_core.environment:checking '/home/garage/dev_ws/src/basic_mobile_robot/install/basic_mobile_robot' for CMake config files
[1.080s] Level 1:colcon.colcon_core.shell:create_environment_hook('basic_mobile_robot', 'cmake_prefix_path')
[1.080s] INFO:colcon.colcon_core.shell:Creating environment hook '/home/garage/dev_ws/src/basic_mobile_robot/install/basic_mobile_robot/share/basic_mobile_robot/hook/cmake_prefix_path.ps1'
[1.080s] INFO:colcon.colcon_core.shell:Creating environment descriptor '/home/garage/dev_ws/src/basic_mobile_robot/install/basic_mobile_robot/share/basic_mobile_robot/hook/cmake_prefix_path.dsv'
[1.081s] INFO:colcon.colcon_core.shell:Creating environment hook '/home/garage/dev_ws/src/basic_mobile_robot/install/basic_mobile_robot/share/basic_mobile_robot/hook/cmake_prefix_path.sh'
[1.081s] Level 1:colcon.colcon_core.environment:checking '/home/garage/dev_ws/src/basic_mobile_robot/install/basic_mobile_robot/bin'
[1.081s] Level 1:colcon.colcon_core.environment:checking '/home/garage/dev_ws/src/basic_mobile_robot/install/basic_mobile_robot/lib/pkgconfig/basic_mobile_robot.pc'
[1.082s] Level 1:colcon.colcon_core.environment:checking '/home/garage/dev_ws/src/basic_mobile_robot/install/basic_mobile_robot/lib/python3.10/site-packages'
[1.082s] Level 1:colcon.colcon_core.environment:checking '/home/garage/dev_ws/src/basic_mobile_robot/install/basic_mobile_robot/bin'
[1.082s] INFO:colcon.colcon_core.shell:Creating package script '/home/garage/dev_ws/src/basic_mobile_robot/install/basic_mobile_robot/share/basic_mobile_robot/package.ps1'
[1.082s] INFO:colcon.colcon_core.shell:Creating package descriptor '/home/garage/dev_ws/src/basic_mobile_robot/install/basic_mobile_robot/share/basic_mobile_robot/package.dsv'
[1.083s] INFO:colcon.colcon_core.shell:Creating package script '/home/garage/dev_ws/src/basic_mobile_robot/install/basic_mobile_robot/share/basic_mobile_robot/package.sh'
[1.083s] INFO:colcon.colcon_core.shell:Creating package script '/home/garage/dev_ws/src/basic_mobile_robot/install/basic_mobile_robot/share/basic_mobile_robot/package.bash'
[1.084s] INFO:colcon.colcon_core.shell:Creating package script '/home/garage/dev_ws/src/basic_mobile_robot/install/basic_mobile_robot/share/basic_mobile_robot/package.zsh'
[1.084s] Level 1:colcon.colcon_core.environment:create_file_with_runtime_dependencies(/home/garage/dev_ws/src/basic_mobile_robot/install/basic_mobile_robot/share/colcon-core/packages/basic_mobile_robot)
[1.099s] Level 1:colcon.colcon_core.environment:create_environment_scripts_only(basic_mobile_robot)
[1.100s] Level 1:colcon.colcon_core.environment:checking '/home/garage/dev_ws/src/basic_mobile_robot/install/basic_mobile_robot' for CMake module files
[1.100s] Level 1:colcon.colcon_core.environment:checking '/home/garage/dev_ws/src/basic_mobile_robot/install/basic_mobile_robot' for CMake config files
[1.100s] Level 1:colcon.colcon_core.shell:create_environment_hook('basic_mobile_robot', 'cmake_prefix_path')
[1.100s] INFO:colcon.colcon_core.shell:Creating environment hook '/home/garage/dev_ws/src/basic_mobile_robot/install/basic_mobile_robot/share/basic_mobile_robot/hook/cmake_prefix_path.ps1'
[1.100s] INFO:colcon.colcon_core.shell:Creating environment descriptor '/home/garage/dev_ws/src/basic_mobile_robot/install/basic_mobile_robot/share/basic_mobile_robot/hook/cmake_prefix_path.dsv'
[1.101s] INFO:colcon.colcon_core.shell:Creating environment hook '/home/garage/dev_ws/src/basic_mobile_robot/install/basic_mobile_robot/share/basic_mobile_robot/hook/cmake_prefix_path.sh'
[1.101s] Level 1:colcon.colcon_core.environment:checking '/home/garage/dev_ws/src/basic_mobile_robot/install/basic_mobile_robot/bin'
[1.101s] Level 1:colcon.colcon_core.environment:checking '/home/garage/dev_ws/src/basic_mobile_robot/install/basic_mobile_robot/lib/pkgconfig/basic_mobile_robot.pc'
[1.101s] Level 1:colcon.colcon_core.environment:checking '/home/garage/dev_ws/src/basic_mobile_robot/install/basic_mobile_robot/lib/python3.10/site-packages'
[1.101s] Level 1:colcon.colcon_core.environment:checking '/home/garage/dev_ws/src/basic_mobile_robot/install/basic_mobile_robot/bin'
[1.102s] INFO:colcon.colcon_core.shell:Creating package script '/home/garage/dev_ws/src/basic_mobile_robot/install/basic_mobile_robot/share/basic_mobile_robot/package.ps1'
[1.102s] INFO:colcon.colcon_core.shell:Creating package descriptor '/home/garage/dev_ws/src/basic_mobile_robot/install/basic_mobile_robot/share/basic_mobile_robot/package.dsv'
[1.102s] INFO:colcon.colcon_core.shell:Creating package script '/home/garage/dev_ws/src/basic_mobile_robot/install/basic_mobile_robot/share/basic_mobile_robot/package.sh'
[1.102s] INFO:colcon.colcon_core.shell:Creating package script '/home/garage/dev_ws/src/basic_mobile_robot/install/basic_mobile_robot/share/basic_mobile_robot/package.bash'
[1.103s] INFO:colcon.colcon_core.shell:Creating package script '/home/garage/dev_ws/src/basic_mobile_robot/install/basic_mobile_robot/share/basic_mobile_robot/package.zsh'
[1.103s] Level 1:colcon.colcon_core.environment:create_file_with_runtime_dependencies(/home/garage/dev_ws/src/basic_mobile_robot/install/basic_mobile_robot/share/colcon-core/packages/basic_mobile_robot)
[1.103s] DEBUG:colcon.colcon_parallel_executor.executor.parallel:closing loop
[1.103s] DEBUG:colcon.colcon_parallel_executor.executor.parallel:loop closed
[1.104s] DEBUG:colcon.colcon_parallel_executor.executor.parallel:run_until_complete finished with '0'
[1.104s] DEBUG:colcon.colcon_core.event_reactor:joining thread
[1.109s] INFO:colcon.colcon_core.plugin_system:Skipping extension 'colcon_notification.desktop_notification.terminal_notifier': Not used on non-Darwin systems
[1.110s] INFO:colcon.colcon_core.plugin_system:Skipping extension 'colcon_notification.desktop_notification.win32': Not used on non-Windows systems
[1.110s] INFO:colcon.colcon_notification.desktop_notification:Sending desktop notification using 'notify2'
[1.120s] DEBUG:colcon.colcon_core.event_reactor:joined thread
[1.120s] INFO:colcon.colcon_core.shell:Creating prefix script '/home/garage/dev_ws/src/basic_mobile_robot/install/local_setup.ps1'
[1.121s] INFO:colcon.colcon_core.shell:Creating prefix util module '/home/garage/dev_ws/src/basic_mobile_robot/install/_local_setup_util_ps1.py'
[1.122s] INFO:colcon.colcon_core.shell:Creating prefix chain script '/home/garage/dev_ws/src/basic_mobile_robot/install/setup.ps1'
[1.123s] INFO:colcon.colcon_core.shell:Creating prefix script '/home/garage/dev_ws/src/basic_mobile_robot/install/local_setup.sh'
[1.124s] INFO:colcon.colcon_core.shell:Creating prefix util module '/home/garage/dev_ws/src/basic_mobile_robot/install/_local_setup_util_sh.py'
[1.124s] INFO:colcon.colcon_core.shell:Creating prefix chain script '/home/garage/dev_ws/src/basic_mobile_robot/install/setup.sh'
[1.125s] INFO:colcon.colcon_core.shell:Creating prefix script '/home/garage/dev_ws/src/basic_mobile_robot/install/local_setup.bash'
[1.125s] INFO:colcon.colcon_core.shell:Creating prefix chain script '/home/garage/dev_ws/src/basic_mobile_robot/install/setup.bash'
[1.126s] INFO:colcon.colcon_core.shell:Creating prefix script '/home/garage/dev_ws/src/basic_mobile_robot/install/local_setup.zsh'
[1.126s] INFO:colcon.colcon_core.shell:Creating prefix chain script '/home/garage/dev_ws/src/basic_mobile_robot/install/setup.zsh'
